<?xml version="1.0" encoding="UTF-8"?>
<testsuite name="org.example.dinner.DinnerVerifierTest" tests="4" skipped="0" failures="0" errors="0" timestamp="2025-09-27T12:24:32.273Z" hostname="Timofeys-MacBook-Air.local" time="0.009">
  <properties/>
  <testcase name="execute_withNegativeFood_throws()" classname="org.example.dinner.DinnerVerifierTest" time="0.002"/>
  <testcase name="execute_withInsufficientFood_throws()" classname="org.example.dinner.DinnerVerifierTest" time="0.001"/>
  <testcase name="execute_withNegativeProgrammers_throws()" classname="org.example.dinner.DinnerVerifierTest" time="0.001"/>
  <testcase name="execute_withValidValues_doesNotThrow()" classname="org.example.dinner.DinnerVerifierTest" time="0.002"/>
  <system-out><![CDATA[]]></system-out>
  <system-err><![CDATA[]]></system-err>
</testsuite>
