<?xml version="1.0" encoding="UTF-8"?>
<testsuite name="org.example.utils.IndexFetcherTest" tests="4" skipped="0" failures="0" errors="0" timestamp="2025-09-27T12:25:02.372Z" hostname="Timofeys-MacBook-Air.local" time="0.003">
  <properties/>
  <testcase name="fetch_withIndexTooLarge_returnsFirstIndex()" classname="org.example.utils.IndexFetcherTest" time="0.0"/>
  <testcase name="fetch_withValidIndex_returnsSameIndex()" classname="org.example.utils.IndexFetcherTest" time="0.0"/>
  <testcase name="fetch_withNegativeIndex_returnsLastIndex()" classname="org.example.utils.IndexFetcherTest" time="0.001"/>
  <testcase name="fetch_withEmptyMap_returnsZero()" classname="org.example.utils.IndexFetcherTest" time="0.001"/>
  <system-out><![CDATA[]]></system-out>
  <system-err><![CDATA[]]></system-err>
</testsuite>
