<?xml version="1.0" encoding="UTF-8"?>
<testsuite name="org.example.fork.ForkTest" tests="1" skipped="0" failures="0" errors="0" timestamp="2025-09-27T12:24:32.287Z" hostname="Timofeys-MacBook-Air.local" time="0.0">
  <properties/>
  <testcase name="testConstructorAndGetter()" classname="org.example.fork.ForkTest" time="0.0"/>
  <system-out><![CDATA[]]></system-out>
  <system-err><![CDATA[]]></system-err>
</testsuite>
