<?xml version="1.0" encoding="UTF-8"?>
<testsuite name="org.example.dinner.DinnerTest" tests="3" skipped="0" failures="0" errors="0" timestamp="2025-09-27T12:24:24.911Z" hostname="Timofeys-MacBook-Air.local" time="7.356">
  <properties/>
  <testcase name="serve_withZeroFood_doesNotThrow()" classname="org.example.dinner.DinnerTest" time="0.009"/>
  <testcase name="serve_withEnoughFood_doesNotThrow()" classname="org.example.dinner.DinnerTest" time="5.936"/>
  <testcase name="serve_withExactFood_doesNotThrow()" classname="org.example.dinner.DinnerTest" time="1.41"/>
  <system-out><![CDATA[Dinner is over!
Food amount is 0
Portions eaten: 1, Count: 2
Portions eaten: 3, Count: 1
--------------------------------------------------------------------
Dinner is over!
Food amount is 0
Portions eaten: 1, Count: 2
--------------------------------------------------------------------
]]></system-out>
  <system-err><![CDATA[]]></system-err>
</testsuite>
